2024/10/22 02:18:39 [notice] 1#1: using the "epoll" event method
2024/10/22 02:18:39 [notice] 1#1: nginx/1.27.2
2024/10/22 02:18:39 [notice] 1#1: built by gcc 12.2.0 (Debian 12.2.0-14) 
2024/10/22 02:18:39 [notice] 1#1: OS: Linux 5.15.153.1-microsoft-standard-WSL2
2024/10/22 02:18:39 [notice] 1#1: getrlimit(RLIMIT_NOFILE): 1048576:1048576
2024/10/22 02:18:39 [notice] 1#1: start worker processes
2024/10/22 02:18:39 [notice] 1#1: start worker process 22
2024/10/22 02:18:39 [notice] 1#1: start worker process 23
2024/10/22 02:18:39 [notice] 1#1: start worker process 24
2024/10/22 02:18:39 [notice] 1#1: start worker process 25
2024/10/22 02:18:39 [notice] 1#1: start worker process 26
2024/10/22 02:18:39 [notice] 1#1: start worker process 27
2024/10/22 02:18:39 [notice] 1#1: start worker process 28
2024/10/22 02:18:39 [notice] 1#1: start worker process 29
2024/10/22 02:18:39 [notice] 1#1: start worker process 30
2024/10/22 02:18:39 [notice] 1#1: start worker process 31
2024/10/22 02:18:39 [notice] 1#1: start worker process 32
2024/10/22 02:18:39 [notice] 1#1: start worker process 33
2024/10/22 02:18:39 [notice] 1#1: start worker process 34
2024/10/22 02:18:39 [notice] 1#1: start worker process 35
2024/10/22 02:18:39 [notice] 1#1: start worker process 36
2024/10/22 02:18:39 [notice] 1#1: start worker process 37
2024/10/22 02:18:50 [error] 22#22: *1 open() "/usr/share/nginx/html/favicon.ico" failed (2: No such file or directory), client: 172.18.0.1, server: localhost, request: "GET /favicon.ico HTTP/1.1", host: "localhost", referrer: "http://localhost/"
2024/10/22 02:20:09 [notice] 1#1: using the "epoll" event method
2024/10/22 02:20:09 [notice] 1#1: nginx/1.27.2
2024/10/22 02:20:09 [notice] 1#1: built by gcc 12.2.0 (Debian 12.2.0-14) 
2024/10/22 02:20:09 [notice] 1#1: OS: Linux 5.15.153.1-microsoft-standard-WSL2
2024/10/22 02:20:09 [notice] 1#1: getrlimit(RLIMIT_NOFILE): 1048576:1048576
2024/10/22 02:20:09 [notice] 1#1: start worker processes
2024/10/22 02:20:09 [notice] 1#1: start worker process 22
2024/10/22 02:20:09 [notice] 1#1: start worker process 23
2024/10/22 02:20:09 [notice] 1#1: start worker process 24
2024/10/22 02:20:09 [notice] 1#1: start worker process 25
2024/10/22 02:20:09 [notice] 1#1: start worker process 26
2024/10/22 02:20:09 [notice] 1#1: start worker process 27
2024/10/22 02:20:09 [notice] 1#1: start worker process 28
2024/10/22 02:20:09 [notice] 1#1: start worker process 29
2024/10/22 02:20:09 [notice] 1#1: start worker process 30
2024/10/22 02:20:09 [notice] 1#1: start worker process 31
2024/10/22 02:20:09 [notice] 1#1: start worker process 32
2024/10/22 02:20:09 [notice] 1#1: start worker process 33
2024/10/22 02:20:09 [notice] 1#1: start worker process 34
2024/10/22 02:20:09 [notice] 1#1: start worker process 35
2024/10/22 02:20:09 [notice] 1#1: start worker process 36
2024/10/22 02:20:09 [notice] 1#1: start worker process 37
